<?xml version="1.0" encoding="UTF-8"?>
<testsuite name="com.primerproyecto.PrimerProyectoApplicationTests" tests="1" skipped="0" failures="0" errors="0" timestamp="2026-03-17T20:31:12.991Z" hostname="PC-NELU" time="6.543">
  <properties/>
  <testcase name="contextLoads()" classname="com.primerproyecto.PrimerProyectoApplicationTests" time="0.469"/>
  <system-out><![CDATA[17:31:13.223 [Test worker] INFO org.springframework.test.context.support.AnnotationConfigContextLoaderUtils -- Could not detect default configuration classes for test class [com.primerproyecto.PrimerProyectoApplicationTests]: PrimerProyectoApplicationTests does not declare any static, non-private, non-final, nested classes annotated with @Configuration.
17:31:13.362 [Test worker] INFO org.springframework.boot.test.context.SpringBootTestContextBootstrapper -- Found @SpringBootConfiguration com.primerproyecto.PrimerProyectoApplication for test class com.primerproyecto.PrimerProyectoApplicationTests

  .   ____          _            __ _ _
 /\\ / ___'_ __ _ _(_)_ __  __ _ \ \ \ \
( ( )\___ | '_ | '_| | '_ \/ _` | \ \ \ \
 \\/  ___)| |_)| | | | | || (_| |  ) ) ) )
  '  |____| .__|_| |_|_| |_\__, | / / / /
 =========|_|==============|___/=/_/_/_/

 :: Spring Boot ::                (v4.0.3)

2026-03-17T17:31:13.927-03:00  INFO 4364 --- [primer-proyecto] [    Test worker] c.p.PrimerProyectoApplicationTests       : Starting PrimerProyectoApplicationTests using Java 24.0.1 with PID 4364 (started by Nelu in D:\GithubMasEspacio\Fullstack-3-)
2026-03-17T17:31:13.929-03:00  INFO 4364 --- [primer-proyecto] [    Test worker] c.p.PrimerProyectoApplicationTests       : No active profile set, falling back to 1 default profile: "default"
2026-03-17T17:31:15.016-03:00  INFO 4364 --- [primer-proyecto] [    Test worker] .s.d.r.c.RepositoryConfigurationDelegate : Bootstrapping Spring Data JPA repositories in DEFAULT mode.
2026-03-17T17:31:15.090-03:00  INFO 4364 --- [primer-proyecto] [    Test worker] .s.d.r.c.RepositoryConfigurationDelegate : Finished Spring Data repository scanning in 62 ms. Found 2 JPA repository interfaces.
2026-03-17T17:31:15.705-03:00  INFO 4364 --- [primer-proyecto] [    Test worker] org.hibernate.orm.jpa                    : HHH008540: Processing PersistenceUnitInfo [name: default]
2026-03-17T17:31:15.776-03:00  INFO 4364 --- [primer-proyecto] [    Test worker] org.hibernate.orm.core                   : HHH000001: Hibernate ORM core version 7.2.4.Final
2026-03-17T17:31:16.522-03:00  INFO 4364 --- [primer-proyecto] [    Test worker] o.s.o.j.p.SpringPersistenceUnitInfo      : No LoadTimeWeaver setup: ignoring JPA class transformer
2026-03-17T17:31:16.606-03:00  INFO 4364 --- [primer-proyecto] [    Test worker] com.zaxxer.hikari.HikariDataSource       : HikariPool-1 - Starting...
2026-03-17T17:31:16.765-03:00  INFO 4364 --- [primer-proyecto] [    Test worker] com.zaxxer.hikari.pool.HikariPool        : HikariPool-1 - Added connection org.sqlite.jdbc4.JDBC4Connection@6f1163f7
2026-03-17T17:31:16.768-03:00  INFO 4364 --- [primer-proyecto] [    Test worker] com.zaxxer.hikari.HikariDataSource       : HikariPool-1 - Start completed.
2026-03-17T17:31:16.830-03:00  INFO 4364 --- [primer-proyecto] [    Test worker] org.hibernate.orm.connections.pooling    : HHH10001005: Database info:
	Database JDBC URL [jdbc:sqlite:usuarios.db]
	Database driver: SQLite JDBC
	Database dialect: SQLiteDialect
	Database version: 3.51.2
	Default catalog/schema: undefined/undefined
	Autocommit mode: undefined/unknown
	Isolation level: SERIALIZABLE [default SERIALIZABLE]
	JDBC fetch size: none
	Pool: DataSourceConnectionProvider
	Minimum pool size: undefined/unknown
	Maximum pool size: undefined/unknown
2026-03-17T17:31:17.753-03:00  INFO 4364 --- [primer-proyecto] [    Test worker] org.hibernate.orm.core                   : HHH000489: No JTA platform available (set 'hibernate.transaction.jta.platform' to enable JTA platform integration)
2026-03-17T17:31:17.802-03:00  INFO 4364 --- [primer-proyecto] [    Test worker] j.LocalContainerEntityManagerFactoryBean : Initialized JPA EntityManagerFactory for persistence unit 'default'
2026-03-17T17:31:17.922-03:00  INFO 4364 --- [primer-proyecto] [    Test worker] o.s.d.j.r.query.QueryEnhancerFactories   : Hibernate is in classpath; If applicable, HQL parser will be used.
2026-03-17T17:31:18.257-03:00  WARN 4364 --- [primer-proyecto] [    Test worker] JpaBaseConfiguration$JpaWebConfiguration : spring.jpa.open-in-view is enabled by default. Therefore, database queries may be performed during view rendering. Explicitly configure spring.jpa.open-in-view to disable this warning
2026-03-17T17:31:18.381-03:00  WARN 4364 --- [primer-proyecto] [    Test worker] .s.a.UserDetailsServiceAutoConfiguration : 

Using generated security password: 83f09f8e-49e3-4e0e-b806-05ca2571937a

This generated password is for development use only. Your security configuration must be updated before running your application in production.

2026-03-17T17:31:18.390-03:00  INFO 4364 --- [primer-proyecto] [    Test worker] r$InitializeUserDetailsManagerConfigurer : Global AuthenticationManager configured with UserDetailsService bean with name inMemoryUserDetailsManager
2026-03-17T17:31:19.048-03:00  INFO 4364 --- [primer-proyecto] [    Test worker] c.p.PrimerProyectoApplicationTests       : Started PrimerProyectoApplicationTests in 5.458 seconds (process running for 7.206)
]]></system-out>
  <system-err><![CDATA[Mockito is currently self-attaching to enable the inline-mock-maker. This will no longer work in future releases of the JDK. Please add Mockito as an agent to your build as described in Mockito's documentation: https://javadoc.io/doc/org.mockito/mockito-core/latest/org.mockito/org/mockito/Mockito.html#0.3
WARNING: A Java agent has been loaded dynamically (C:\Users\Nelu\.gradle\caches\modules-2\files-2.1\net.bytebuddy\byte-buddy-agent\1.17.8\f09415827a71be7ed621c7bd02550678f28bc81c\byte-buddy-agent-1.17.8.jar)
WARNING: If a serviceability tool is in use, please run with -XX:+EnableDynamicAgentLoading to hide this warning
WARNING: If a serviceability tool is not in use, please run with -Djdk.instrument.traceUsage for more information
WARNING: Dynamic loading of agents will be disallowed by default in a future release
]]></system-err>
</testsuite>
